<?xml version="1.0" encoding="UTF-8"?>
<testsuite xmlns:xsi="http://www.w3.org/2001/XMLSchema-instance" xsi:noNamespaceSchemaLocation="https://maven.apache.org/surefire/maven-surefire-plugin/xsd/surefire-test-report.xsd" name="mflix.api.daos.TimeoutsTest" time="0.656" tests="2" errors="2" skipped="0" failures="0">
  <properties>
[...]
</properties>
  <testcase name="testConfiguredConnectionTimeoutMs" classname="mflix.api.daos.TimeoutsTest" time="0.113">
    <error type="java.lang.NullPointerException">java.lang.NullPointerException
	at mflix.api.daos.TimeoutsTest.testConfiguredConnectionTimeoutMs(TimeoutsTest.java:58)
</error>
    <system-out><![CDATA[2020-08-16 16:22:44.017  INFO 9628 --- [           main] .b.t.c.SpringBootTestContextBootstrapper : Neither @ContextConfiguration nor @ContextHierarchy found for test class [mflix.api.daos.TimeoutsTest], using SpringBootContextLoader
2020-08-16 16:22:44.018  INFO 9628 --- [           main] o.s.t.c.support.AbstractContextLoader    : Could not detect default resource locations for test class [mflix.api.daos.TimeoutsTest]: no resource found for suffixes {-context.xml, Context.groovy}.
2020-08-16 16:22:44.019  INFO 9628 --- [           main] .b.t.c.SpringBootTestContextBootstrapper : Loaded default TestExecutionListener class names from location [META-INF/spring.factories]: [org.springframework.boot.test.mock.mockito.MockitoTestExecutionListener, org.springframework.boot.test.mock.mockito.ResetMocksTestExecutionListener, org.springframework.boot.test.autoconfigure.restdocs.RestDocsTestExecutionListener, org.springframework.boot.test.autoconfigure.web.client.MockRestServiceServerResetTestExecutionListener, org.springframework.boot.test.autoconfigure.web.servlet.MockMvcPrintOnlyOnFailureTestExecutionListener, org.springframework.boot.test.autoconfigure.web.servlet.WebDriverTestExecutionListener, org.springframework.test.context.web.ServletTestExecutionListener, org.springframework.test.context.support.DirtiesContextBeforeModesTestExecutionListener, org.springframework.test.context.support.DependencyInjectionTestExecutionListener, org.springframework.test.context.support.DirtiesContextTestExecutionListener, org.springframework.test.context.transaction.TransactionalTestExecutionListener, org.springframework.test.context.jdbc.SqlScriptsTestExecutionListener]
2020-08-16 16:22:44.020  INFO 9628 --- [           main] .b.t.c.SpringBootTestContextBootstrapper : Using TestExecutionListeners: [org.springframework.test.context.web.ServletTestExecutionListener@2b680207, org.springframework.test.context.support.DirtiesContextBeforeModesTestExecutionListener@70887727, org.springframework.boot.test.mock.mockito.MockitoTestExecutionListener@56da7487, org.springframework.boot.test.autoconfigure.SpringBootDependencyInjectionTestExecutionListener@599e4d41, org.springframework.test.context.support.DirtiesContextTestExecutionListener@328d044f, org.springframework.boot.test.mock.mockito.ResetMocksTestExecutionListener@10f7c76, org.springframework.boot.test.autoconfigure.restdocs.RestDocsTestExecutionListener@4745e9c, org.springframework.boot.test.autoconfigure.web.client.MockRestServiceServerResetTestExecutionListener@2f2bff16, org.springframework.boot.test.autoconfigure.web.servlet.MockMvcPrintOnlyOnFailureTestExecutionListener@75de29c0, org.springframework.boot.test.autoconfigure.web.servlet.WebDriverTestExecutionListener@fc807c1]

  .   ____          _            __ _ _
 /\\ / ___'_ __ _ _(_)_ __  __ _ \ \ \ \
( ( )\___ | '_ | '_| | '_ \/ _` | \ \ \ \
 \\/  ___)| |_)| | | | | || (_| |  ) ) ) )
  '  |____| .__|_| |_|_| |_\__, | / / / /
 =========|_|==============|___/=/_/_/_/
 :: Spring Boot ::        (v2.0.4.RELEASE)

2020-08-16 16:22:44.030  INFO 9628 --- [           main] mflix.api.daos.TimeoutsTest              : Starting TimeoutsTest on DESKTOP-5TBIHS1 with PID 9628 (started by gogan in D:\Projects\mflix)
2020-08-16 16:22:44.030  INFO 9628 --- [           main] mflix.api.daos.TimeoutsTest              : No active profile set, falling back to default profiles: default
2020-08-16 16:22:44.032  INFO 9628 --- [           main] o.s.w.c.s.GenericWebApplicationContext   : Refreshing org.springframework.web.context.support.GenericWebApplicationContext@434514d8: startup date [Sun Aug 16 16:22:44 EEST 2020]; root of context hierarchy
2020-08-16 16:22:44.258  INFO 9628 --- [           main] org.mongodb.driver.cluster               : Cluster created with settings {hosts=[cluster0-shard-00-02.ondxs.mongodb.net:27017, cluster0-shard-00-01.ondxs.mongodb.net:27017, cluster0-shard-00-00.ondxs.mongodb.net:27017], mode=MULTIPLE, requiredClusterType=REPLICA_SET, serverSelectionTimeout='30000 ms', maxWaitQueueSize=500, requiredReplicaSetName='atlas-jhj7z6-shard-0'}
2020-08-16 16:22:44.258  INFO 9628 --- [           main] org.mongodb.driver.cluster               : Adding discovered server cluster0-shard-00-02.ondxs.mongodb.net:27017 to client view of cluster
2020-08-16 16:22:44.258  INFO 9628 --- [           main] org.mongodb.driver.cluster               : Adding discovered server cluster0-shard-00-01.ondxs.mongodb.net:27017 to client view of cluster
2020-08-16 16:22:44.258  INFO 9628 --- [           main] org.mongodb.driver.cluster               : Adding discovered server cluster0-shard-00-00.ondxs.mongodb.net:27017 to client view of cluster
2020-08-16 16:22:44.317  INFO 9628 --- [           main] o.s.w.s.handler.SimpleUrlHandlerMapping  : Mapped URL path [/**/favicon.ico] onto handler of type [class org.springframework.web.servlet.resource.ResourceHttpRequestHandler]
2020-08-16 16:22:44.374  INFO 9628 --- [           main] s.w.s.m.m.a.RequestMappingHandlerAdapter : Looking for @ControllerAdvice: org.springframework.web.context.support.GenericWebApplicationContext@434514d8: startup date [Sun Aug 16 16:22:44 EEST 2020]; root of context hierarchy
2020-08-16 16:22:44.382  INFO 9628 --- [           main] s.w.s.m.m.a.RequestMappingHandlerMapping : Mapped "{[/error]}" onto public org.springframework.http.ResponseEntity<java.util.Map<java.lang.String, java.lang.Object>> org.springframework.boot.autoconfigure.web.servlet.error.BasicErrorController.error(javax.servlet.http.HttpServletRequest)
2020-08-16 16:22:44.382  INFO 9628 --- [           main] s.w.s.m.m.a.RequestMappingHandlerMapping : Mapped "{[/error],produces=[text/html]}" onto public org.springframework.web.servlet.ModelAndView org.springframework.boot.autoconfigure.web.servlet.error.BasicErrorController.errorHtml(javax.servlet.http.HttpServletRequest,javax.servlet.http.HttpServletResponse)
2020-08-16 16:22:44.393  INFO 9628 --- [           main] o.s.w.s.handler.SimpleUrlHandlerMapping  : Mapped URL path [/webjars/**] onto handler of type [class org.springframework.web.servlet.resource.ResourceHttpRequestHandler]
2020-08-16 16:22:44.393  INFO 9628 --- [           main] o.s.w.s.handler.SimpleUrlHandlerMapping  : Mapped URL path [/**] onto handler of type [class org.springframework.web.servlet.resource.ResourceHttpRequestHandler]
2020-08-16 16:22:44.408  INFO 9628 --- [           main] o.s.b.a.w.s.WelcomePageHandlerMapping    : Adding welcome page: class path resource [build/index.html]
2020-08-16 16:22:44.450  INFO 9628 --- [           main] .s.s.UserDetailsServiceAutoConfiguration : 

Using generated security password: fb756889-cad3-411b-ba7d-d990610e9b01

2020-08-16 16:22:44.476  INFO 9628 --- [ngodb.net:27017] org.mongodb.driver.connection            : Opened connection [connectionId{localValue:21, serverValue:18076}] to cluster0-shard-00-02.ondxs.mongodb.net:27017
2020-08-16 16:22:44.476  INFO 9628 --- [ngodb.net:27017] org.mongodb.driver.connection            : Opened connection [connectionId{localValue:22, serverValue:16120}] to cluster0-shard-00-01.ondxs.mongodb.net:27017
2020-08-16 16:22:44.482  INFO 9628 --- [           main] o.s.s.web.DefaultSecurityFilterChain     : Creating filter chain: org.springframework.security.web.util.matcher.AnyRequestMatcher@1, [org.springframework.security.web.context.request.async.WebAsyncManagerIntegrationFilter@61ab89b0, org.springframework.security.web.context.SecurityContextPersistenceFilter@1cdc1bbc, org.springframework.security.web.header.HeaderWriterFilter@630b6190, org.springframework.security.web.csrf.CsrfFilter@5922d3e9, org.springframework.security.web.authentication.logout.LogoutFilter@39e69ea7, org.springframework.security.web.authentication.UsernamePasswordAuthenticationFilter@4779aae6, org.springframework.security.web.authentication.ui.DefaultLoginPageGeneratingFilter@459b6c53, org.springframework.security.web.authentication.www.BasicAuthenticationFilter@2cd62003, org.springframework.security.web.savedrequest.RequestCacheAwareFilter@5f95f1e1, org.springframework.security.web.servletapi.SecurityContextHolderAwareRequestFilter@672a1c62, org.springframework.security.web.authentication.AnonymousAuthenticationFilter@5478ce1e, org.springframework.security.web.session.SessionManagementFilter@532e27ab, org.springframework.security.web.access.ExceptionTranslationFilter@7d57dbb5, org.springframework.security.web.access.intercept.FilterSecurityInterceptor@6d0b0da6]
2020-08-16 16:22:44.491  INFO 9628 --- [ngodb.net:27017] org.mongodb.driver.connection            : Opened connection [connectionId{localValue:23, serverValue:16285}] to cluster0-shard-00-00.ondxs.mongodb.net:27017
2020-08-16 16:22:44.500  INFO 9628 --- [           main] mflix.api.daos.TimeoutsTest              : Started TimeoutsTest in 0.48 seconds (JVM running for 8.045)
2020-08-16 16:22:44.504  INFO 9628 --- [ngodb.net:27017] org.mongodb.driver.cluster               : Monitor thread successfully connected to server with description ServerDescription{address=cluster0-shard-00-02.ondxs.mongodb.net:27017, type=REPLICA_SET_PRIMARY, state=CONNECTED, ok=true, version=ServerVersion{versionList=[4, 2, 8]}, minWireVersion=0, maxWireVersion=8, maxDocumentSize=16777216, logicalSessionTimeoutMinutes=30, roundTripTimeNanos=27719600, setName='atlas-jhj7z6-shard-0', canonicalAddress=cluster0-shard-00-02.ondxs.mongodb.net:27017, hosts=[cluster0-shard-00-00.ondxs.mongodb.net:27017, cluster0-shard-00-02.ondxs.mongodb.net:27017, cluster0-shard-00-01.ondxs.mongodb.net:27017], passives=[], arbiters=[], primary='cluster0-shard-00-02.ondxs.mongodb.net:27017', tagSet=TagSet{[Tag{name='provider', value='AWS'}, Tag{name='region', value='EU_CENTRAL_1'}, Tag{name='nodeType', value='ELECTABLE'}]}, electionId=7fffffff0000000000000006, setVersion=1, lastWriteDate=Sun Aug 16 16:22:44 EEST 2020, lastUpdateTimeNanos=98191688438700}
2020-08-16 16:22:44.504  INFO 9628 --- [ngodb.net:27017] org.mongodb.driver.cluster               : Setting max election id to 7fffffff0000000000000006 from replica set primary cluster0-shard-00-02.ondxs.mongodb.net:27017
2020-08-16 16:22:44.504  INFO 9628 --- [ngodb.net:27017] org.mongodb.driver.cluster               : Setting max set version to 1 from replica set primary cluster0-shard-00-02.ondxs.mongodb.net:27017
2020-08-16 16:22:44.504  INFO 9628 --- [ngodb.net:27017] org.mongodb.driver.cluster               : Discovered replica set primary cluster0-shard-00-02.ondxs.mongodb.net:27017
2020-08-16 16:22:44.506  INFO 9628 --- [ngodb.net:27017] org.mongodb.driver.cluster               : Monitor thread successfully connected to server with description ServerDescription{address=cluster0-shard-00-01.ondxs.mongodb.net:27017, type=REPLICA_SET_SECONDARY, state=CONNECTED, ok=true, version=ServerVersion{versionList=[4, 2, 8]}, minWireVersion=0, maxWireVersion=8, maxDocumentSize=16777216, logicalSessionTimeoutMinutes=30, roundTripTimeNanos=29670600, setName='atlas-jhj7z6-shard-0', canonicalAddress=cluster0-shard-00-01.ondxs.mongodb.net:27017, hosts=[cluster0-shard-00-00.ondxs.mongodb.net:27017, cluster0-shard-00-02.ondxs.mongodb.net:27017, cluster0-shard-00-01.ondxs.mongodb.net:27017], passives=[], arbiters=[], primary='cluster0-shard-00-02.ondxs.mongodb.net:27017', tagSet=TagSet{[Tag{name='region', value='EU_CENTRAL_1'}, Tag{name='nodeType', value='ELECTABLE'}, Tag{name='provider', value='AWS'}]}, electionId=null, setVersion=1, lastWriteDate=Sun Aug 16 16:22:44 EEST 2020, lastUpdateTimeNanos=98191690405000}
2020-08-16 16:22:44.536  INFO 9628 --- [ngodb.net:27017] org.mongodb.driver.cluster               : Monitor thread successfully connected to server with description ServerDescription{address=cluster0-shard-00-00.ondxs.mongodb.net:27017, type=REPLICA_SET_SECONDARY, state=CONNECTED, ok=true, version=ServerVersion{versionList=[4, 2, 8]}, minWireVersion=0, maxWireVersion=8, maxDocumentSize=16777216, logicalSessionTimeoutMinutes=30, roundTripTimeNanos=44824500, setName='atlas-jhj7z6-shard-0', canonicalAddress=cluster0-shard-00-00.ondxs.mongodb.net:27017, hosts=[cluster0-shard-00-00.ondxs.mongodb.net:27017, cluster0-shard-00-02.ondxs.mongodb.net:27017, cluster0-shard-00-01.ondxs.mongodb.net:27017], passives=[], arbiters=[], primary='cluster0-shard-00-02.ondxs.mongodb.net:27017', tagSet=TagSet{[Tag{name='region', value='EU_CENTRAL_1'}, Tag{name='nodeType', value='ELECTABLE'}, Tag{name='provider', value='AWS'}]}, electionId=null, setVersion=1, lastWriteDate=Sun Aug 16 16:22:44 EEST 2020, lastUpdateTimeNanos=98191720511800}
2020-08-16 16:22:44.552  INFO 9628 --- [           main] org.mongodb.driver.cluster               : Cluster created with settings {hosts=[cluster0-shard-00-02.ondxs.mongodb.net:27017, cluster0-shard-00-01.ondxs.mongodb.net:27017, cluster0-shard-00-00.ondxs.mongodb.net:27017], mode=MULTIPLE, requiredClusterType=REPLICA_SET, serverSelectionTimeout='30000 ms', maxWaitQueueSize=500, requiredReplicaSetName='atlas-jhj7z6-shard-0'}
2020-08-16 16:22:44.552  INFO 9628 --- [           main] org.mongodb.driver.cluster               : Adding discovered server cluster0-shard-00-02.ondxs.mongodb.net:27017 to client view of cluster
2020-08-16 16:22:44.552  INFO 9628 --- [           main] org.mongodb.driver.cluster               : Adding discovered server cluster0-shard-00-01.ondxs.mongodb.net:27017 to client view of cluster
2020-08-16 16:22:44.552  INFO 9628 --- [           main] org.mongodb.driver.cluster               : Adding discovered server cluster0-shard-00-00.ondxs.mongodb.net:27017 to client view of cluster
]]></system-out>
  </testcase>
  <testcase name="testConfiguredWtimeout" classname="mflix.api.daos.TimeoutsTest" time="0.061">
    <error type="java.lang.NullPointerException">java.lang.NullPointerException
	at mflix.api.daos.TimeoutsTest.testConfiguredWtimeout(TimeoutsTest.java:49)
</error>
    <system-out><![CDATA[2020-08-16 16:22:44.674  INFO 9628 --- [           main] org.mongodb.driver.cluster               : Cluster created with settings {hosts=[cluster0-shard-00-00.ondxs.mongodb.net:27017, cluster0-shard-00-01.ondxs.mongodb.net:27017, cluster0-shard-00-02.ondxs.mongodb.net:27017], mode=MULTIPLE, requiredClusterType=REPLICA_SET, serverSelectionTimeout='30000 ms', maxWaitQueueSize=500, requiredReplicaSetName='atlas-jhj7z6-shard-0'}
2020-08-16 16:22:44.674  INFO 9628 --- [           main] org.mongodb.driver.cluster               : Adding discovered server cluster0-shard-00-00.ondxs.mongodb.net:27017 to client view of cluster
2020-08-16 16:22:44.674  INFO 9628 --- [           main] org.mongodb.driver.cluster               : Adding discovered server cluster0-shard-00-01.ondxs.mongodb.net:27017 to client view of cluster
2020-08-16 16:22:44.674  INFO 9628 --- [           main] org.mongodb.driver.cluster               : Adding discovered server cluster0-shard-00-02.ondxs.mongodb.net:27017 to client view of cluster
]]></system-out>
  </testcase>
</testsuite>