<?xml version="1.0" encoding="UTF-8"?>
<testsuite xmlns:xsi="http://www.w3.org/2001/XMLSchema-instance" xsi:noNamespaceSchemaLocation="https://maven.apache.org/surefire/maven-surefire-plugin/xsd/surefire-test-report.xsd" name="mflix.api.daos.MigrationTest" time="1.121" tests="2" errors="0" skipped="0" failures="2">
  <properties>
[...]
</properties>
  <testcase name="testAllDocumentsIMDBRatingNumber" classname="mflix.api.daos.MigrationTest" time="0.593">
    <failure message="Should not find documents where `imdb.rating` is of not of `number` type expected:&lt;0&gt; but was:&lt;61&gt;" type="java.lang.AssertionError"><![CDATA[java.lang.AssertionError: Should not find documents where `imdb.rating` is of not of `number` type expected:<0> but was:<61>
	at mflix.api.daos.MigrationTest.testAllDocumentsIMDBRatingNumber(MigrationTest.java:42)
]]></failure>
    <system-out><![CDATA[2020-08-16 16:22:41.460  INFO 9628 --- [           main] org.mongodb.driver.cluster               : Cluster created with settings {hosts=[cluster0-shard-00-02.ondxs.mongodb.net:27017, cluster0-shard-00-00.ondxs.mongodb.net:27017, cluster0-shard-00-01.ondxs.mongodb.net:27017], mode=MULTIPLE, requiredClusterType=REPLICA_SET, serverSelectionTimeout='30000 ms', maxWaitQueueSize=500, requiredReplicaSetName='atlas-jhj7z6-shard-0'}
2020-08-16 16:22:41.460  INFO 9628 --- [           main] org.mongodb.driver.cluster               : Adding discovered server cluster0-shard-00-02.ondxs.mongodb.net:27017 to client view of cluster
2020-08-16 16:22:41.460  INFO 9628 --- [           main] org.mongodb.driver.cluster               : Adding discovered server cluster0-shard-00-00.ondxs.mongodb.net:27017 to client view of cluster
2020-08-16 16:22:41.460  INFO 9628 --- [           main] org.mongodb.driver.cluster               : Adding discovered server cluster0-shard-00-01.ondxs.mongodb.net:27017 to client view of cluster
2020-08-16 16:22:41.462  INFO 9628 --- [           main] org.mongodb.driver.cluster               : No server chosen by com.mongodb.client.internal.MongoClientDelegate$1@2eae4349 from cluster description ClusterDescription{type=REPLICA_SET, connectionMode=MULTIPLE, serverDescriptions=[ServerDescription{address=cluster0-shard-00-01.ondxs.mongodb.net:27017, type=UNKNOWN, state=CONNECTING}, ServerDescription{address=cluster0-shard-00-02.ondxs.mongodb.net:27017, type=UNKNOWN, state=CONNECTING}, ServerDescription{address=cluster0-shard-00-00.ondxs.mongodb.net:27017, type=UNKNOWN, state=CONNECTING}]}. Waiting for 30000 ms before timing out
2020-08-16 16:22:41.646  INFO 9628 --- [ngodb.net:27017] org.mongodb.driver.connection            : Opened connection [connectionId{localValue:13, serverValue:22705}] to cluster0-shard-00-02.ondxs.mongodb.net:27017
2020-08-16 16:22:41.661  INFO 9628 --- [ngodb.net:27017] org.mongodb.driver.connection            : Opened connection [connectionId{localValue:14, serverValue:18920}] to cluster0-shard-00-00.ondxs.mongodb.net:27017
2020-08-16 16:22:41.662  INFO 9628 --- [ngodb.net:27017] org.mongodb.driver.connection            : Opened connection [connectionId{localValue:15, serverValue:16120}] to cluster0-shard-00-01.ondxs.mongodb.net:27017
2020-08-16 16:22:41.674  INFO 9628 --- [ngodb.net:27017] org.mongodb.driver.cluster               : Monitor thread successfully connected to server with description ServerDescription{address=cluster0-shard-00-02.ondxs.mongodb.net:27017, type=REPLICA_SET_PRIMARY, state=CONNECTED, ok=true, version=ServerVersion{versionList=[4, 2, 8]}, minWireVersion=0, maxWireVersion=8, maxDocumentSize=16777216, logicalSessionTimeoutMinutes=30, roundTripTimeNanos=27996500, setName='atlas-jhj7z6-shard-0', canonicalAddress=cluster0-shard-00-02.ondxs.mongodb.net:27017, hosts=[cluster0-shard-00-00.ondxs.mongodb.net:27017, cluster0-shard-00-02.ondxs.mongodb.net:27017, cluster0-shard-00-01.ondxs.mongodb.net:27017], passives=[], arbiters=[], primary='cluster0-shard-00-02.ondxs.mongodb.net:27017', tagSet=TagSet{[Tag{name='nodeType', value='ELECTABLE'}, Tag{name='region', value='EU_CENTRAL_1'}, Tag{name='provider', value='AWS'}]}, electionId=7fffffff0000000000000006, setVersion=1, lastWriteDate=Sun Aug 16 16:22:41 EEST 2020, lastUpdateTimeNanos=98188857907900}
2020-08-16 16:22:41.674  INFO 9628 --- [ngodb.net:27017] org.mongodb.driver.cluster               : Setting max election id to 7fffffff0000000000000006 from replica set primary cluster0-shard-00-02.ondxs.mongodb.net:27017
2020-08-16 16:22:41.674  INFO 9628 --- [ngodb.net:27017] org.mongodb.driver.cluster               : Setting max set version to 1 from replica set primary cluster0-shard-00-02.ondxs.mongodb.net:27017
2020-08-16 16:22:41.674  INFO 9628 --- [ngodb.net:27017] org.mongodb.driver.cluster               : Discovered replica set primary cluster0-shard-00-02.ondxs.mongodb.net:27017
2020-08-16 16:22:41.691  INFO 9628 --- [ngodb.net:27017] org.mongodb.driver.cluster               : Monitor thread successfully connected to server with description ServerDescription{address=cluster0-shard-00-00.ondxs.mongodb.net:27017, type=REPLICA_SET_SECONDARY, state=CONNECTED, ok=true, version=ServerVersion{versionList=[4, 2, 8]}, minWireVersion=0, maxWireVersion=8, maxDocumentSize=16777216, logicalSessionTimeoutMinutes=30, roundTripTimeNanos=29550900, setName='atlas-jhj7z6-shard-0', canonicalAddress=cluster0-shard-00-00.ondxs.mongodb.net:27017, hosts=[cluster0-shard-00-00.ondxs.mongodb.net:27017, cluster0-shard-00-02.ondxs.mongodb.net:27017, cluster0-shard-00-01.ondxs.mongodb.net:27017], passives=[], arbiters=[], primary='cluster0-shard-00-02.ondxs.mongodb.net:27017', tagSet=TagSet{[Tag{name='nodeType', value='ELECTABLE'}, Tag{name='region', value='EU_CENTRAL_1'}, Tag{name='provider', value='AWS'}]}, electionId=null, setVersion=1, lastWriteDate=Sun Aug 16 16:22:41 EEST 2020, lastUpdateTimeNanos=98188875001700}
2020-08-16 16:22:41.692  INFO 9628 --- [ngodb.net:27017] org.mongodb.driver.cluster               : Monitor thread successfully connected to server with description ServerDescription{address=cluster0-shard-00-01.ondxs.mongodb.net:27017, type=REPLICA_SET_SECONDARY, state=CONNECTED, ok=true, version=ServerVersion{versionList=[4, 2, 8]}, minWireVersion=0, maxWireVersion=8, maxDocumentSize=16777216, logicalSessionTimeoutMinutes=30, roundTripTimeNanos=29483000, setName='atlas-jhj7z6-shard-0', canonicalAddress=cluster0-shard-00-01.ondxs.mongodb.net:27017, hosts=[cluster0-shard-00-00.ondxs.mongodb.net:27017, cluster0-shard-00-02.ondxs.mongodb.net:27017, cluster0-shard-00-01.ondxs.mongodb.net:27017], passives=[], arbiters=[], primary='cluster0-shard-00-02.ondxs.mongodb.net:27017', tagSet=TagSet{[Tag{name='region', value='EU_CENTRAL_1'}, Tag{name='nodeType', value='ELECTABLE'}, Tag{name='provider', value='AWS'}]}, electionId=null, setVersion=1, lastWriteDate=Sun Aug 16 16:22:41 EEST 2020, lastUpdateTimeNanos=98188875743400}
2020-08-16 16:22:41.961  INFO 9628 --- [           main] org.mongodb.driver.connection            : Opened connection [connectionId{localValue:16, serverValue:22705}] to cluster0-shard-00-02.ondxs.mongodb.net:27017
]]></system-out>
  </testcase>
  <testcase name="testAllDocumentsUpdateDateIsDateType" classname="mflix.api.daos.MigrationTest" time="0.528">
    <failure message="Should not find documents where `lastupdated` is of `string` type expected:&lt;0&gt; but was:&lt;23531&gt;" type="java.lang.AssertionError"><![CDATA[java.lang.AssertionError: Should not find documents where `lastupdated` is of `string` type expected:<0> but was:<23531>
	at mflix.api.daos.MigrationTest.testAllDocumentsUpdateDateIsDateType(MigrationTest.java:31)
]]></failure>
    <system-out><![CDATA[2020-08-16 16:22:42.033  INFO 9628 --- [           main] org.mongodb.driver.cluster               : Cluster created with settings {hosts=[cluster0-shard-00-00.ondxs.mongodb.net:27017, cluster0-shard-00-01.ondxs.mongodb.net:27017, cluster0-shard-00-02.ondxs.mongodb.net:27017], mode=MULTIPLE, requiredClusterType=REPLICA_SET, serverSelectionTimeout='30000 ms', maxWaitQueueSize=500, requiredReplicaSetName='atlas-jhj7z6-shard-0'}
2020-08-16 16:22:42.033  INFO 9628 --- [           main] org.mongodb.driver.cluster               : Adding discovered server cluster0-shard-00-00.ondxs.mongodb.net:27017 to client view of cluster
2020-08-16 16:22:42.034  INFO 9628 --- [           main] org.mongodb.driver.cluster               : Adding discovered server cluster0-shard-00-01.ondxs.mongodb.net:27017 to client view of cluster
2020-08-16 16:22:42.034  INFO 9628 --- [           main] org.mongodb.driver.cluster               : Adding discovered server cluster0-shard-00-02.ondxs.mongodb.net:27017 to client view of cluster
2020-08-16 16:22:42.034  INFO 9628 --- [           main] org.mongodb.driver.cluster               : No server chosen by com.mongodb.client.internal.MongoClientDelegate$1@6dfa915a from cluster description ClusterDescription{type=REPLICA_SET, connectionMode=MULTIPLE, serverDescriptions=[ServerDescription{address=cluster0-shard-00-01.ondxs.mongodb.net:27017, type=UNKNOWN, state=CONNECTING}, ServerDescription{address=cluster0-shard-00-02.ondxs.mongodb.net:27017, type=UNKNOWN, state=CONNECTING}, ServerDescription{address=cluster0-shard-00-00.ondxs.mongodb.net:27017, type=UNKNOWN, state=CONNECTING}]}. Waiting for 30000 ms before timing out
2020-08-16 16:22:42.206  INFO 9628 --- [ngodb.net:27017] org.mongodb.driver.connection            : Opened connection [connectionId{localValue:19, serverValue:22705}] to cluster0-shard-00-02.ondxs.mongodb.net:27017
2020-08-16 16:22:42.220  INFO 9628 --- [ngodb.net:27017] org.mongodb.driver.connection            : Opened connection [connectionId{localValue:17, serverValue:18920}] to cluster0-shard-00-00.ondxs.mongodb.net:27017
2020-08-16 16:22:42.230  INFO 9628 --- [ngodb.net:27017] org.mongodb.driver.connection            : Opened connection [connectionId{localValue:18, serverValue:20104}] to cluster0-shard-00-01.ondxs.mongodb.net:27017
2020-08-16 16:22:42.233  INFO 9628 --- [ngodb.net:27017] org.mongodb.driver.cluster               : Monitor thread successfully connected to server with description ServerDescription{address=cluster0-shard-00-02.ondxs.mongodb.net:27017, type=REPLICA_SET_PRIMARY, state=CONNECTED, ok=true, version=ServerVersion{versionList=[4, 2, 8]}, minWireVersion=0, maxWireVersion=8, maxDocumentSize=16777216, logicalSessionTimeoutMinutes=30, roundTripTimeNanos=25903100, setName='atlas-jhj7z6-shard-0', canonicalAddress=cluster0-shard-00-02.ondxs.mongodb.net:27017, hosts=[cluster0-shard-00-00.ondxs.mongodb.net:27017, cluster0-shard-00-02.ondxs.mongodb.net:27017, cluster0-shard-00-01.ondxs.mongodb.net:27017], passives=[], arbiters=[], primary='cluster0-shard-00-02.ondxs.mongodb.net:27017', tagSet=TagSet{[Tag{name='nodeType', value='ELECTABLE'}, Tag{name='provider', value='AWS'}, Tag{name='region', value='EU_CENTRAL_1'}]}, electionId=7fffffff0000000000000006, setVersion=1, lastWriteDate=Sun Aug 16 16:22:42 EEST 2020, lastUpdateTimeNanos=98189416438500}
2020-08-16 16:22:42.233  INFO 9628 --- [ngodb.net:27017] org.mongodb.driver.cluster               : Setting max election id to 7fffffff0000000000000006 from replica set primary cluster0-shard-00-02.ondxs.mongodb.net:27017
2020-08-16 16:22:42.233  INFO 9628 --- [ngodb.net:27017] org.mongodb.driver.cluster               : Setting max set version to 1 from replica set primary cluster0-shard-00-02.ondxs.mongodb.net:27017
2020-08-16 16:22:42.233  INFO 9628 --- [ngodb.net:27017] org.mongodb.driver.cluster               : Discovered replica set primary cluster0-shard-00-02.ondxs.mongodb.net:27017
2020-08-16 16:22:42.249  INFO 9628 --- [ngodb.net:27017] org.mongodb.driver.cluster               : Monitor thread successfully connected to server with description ServerDescription{address=cluster0-shard-00-00.ondxs.mongodb.net:27017, type=REPLICA_SET_SECONDARY, state=CONNECTED, ok=true, version=ServerVersion{versionList=[4, 2, 8]}, minWireVersion=0, maxWireVersion=8, maxDocumentSize=16777216, logicalSessionTimeoutMinutes=30, roundTripTimeNanos=28542900, setName='atlas-jhj7z6-shard-0', canonicalAddress=cluster0-shard-00-00.ondxs.mongodb.net:27017, hosts=[cluster0-shard-00-00.ondxs.mongodb.net:27017, cluster0-shard-00-02.ondxs.mongodb.net:27017, cluster0-shard-00-01.ondxs.mongodb.net:27017], passives=[], arbiters=[], primary='cluster0-shard-00-02.ondxs.mongodb.net:27017', tagSet=TagSet{[Tag{name='nodeType', value='ELECTABLE'}, Tag{name='region', value='EU_CENTRAL_1'}, Tag{name='provider', value='AWS'}]}, electionId=null, setVersion=1, lastWriteDate=Sun Aug 16 16:22:42 EEST 2020, lastUpdateTimeNanos=98189433032200}
2020-08-16 16:22:42.260  INFO 9628 --- [ngodb.net:27017] org.mongodb.driver.cluster               : Monitor thread successfully connected to server with description ServerDescription{address=cluster0-shard-00-01.ondxs.mongodb.net:27017, type=REPLICA_SET_SECONDARY, state=CONNECTED, ok=true, version=ServerVersion{versionList=[4, 2, 8]}, minWireVersion=0, maxWireVersion=8, maxDocumentSize=16777216, logicalSessionTimeoutMinutes=30, roundTripTimeNanos=30292000, setName='atlas-jhj7z6-shard-0', canonicalAddress=cluster0-shard-00-01.ondxs.mongodb.net:27017, hosts=[cluster0-shard-00-00.ondxs.mongodb.net:27017, cluster0-shard-00-02.ondxs.mongodb.net:27017, cluster0-shard-00-01.ondxs.mongodb.net:27017], passives=[], arbiters=[], primary='cluster0-shard-00-02.ondxs.mongodb.net:27017', tagSet=TagSet{[Tag{name='region', value='EU_CENTRAL_1'}, Tag{name='nodeType', value='ELECTABLE'}, Tag{name='provider', value='AWS'}]}, electionId=null, setVersion=1, lastWriteDate=Sun Aug 16 16:22:42 EEST 2020, lastUpdateTimeNanos=98189444123200}
2020-08-16 16:22:42.490  INFO 9628 --- [           main] org.mongodb.driver.connection            : Opened connection [connectionId{localValue:20, serverValue:24173}] to cluster0-shard-00-02.ondxs.mongodb.net:27017
]]></system-out>
  </testcase>
</testsuite>